c:\users\chrisrafuse\documents\3db\dev\repos\rhino_plugin\adaptiveskinprototype\adaptiveskinprototype\x64\debug\adaptivepluginprototype.lib
c:\users\chrisrafuse\documents\3db\dev\repos\rhino_plugin\adaptiveskinprototype\adaptiveskinprototype\x64\debug\adaptivepluginprototype.exp
c:\users\chrisrafuse\documents\3db\dev\repos\rhino_plugin\adaptiveskinprototype\adaptiveskinprototype\adaptivepluginprototype\x64\debug\adaptivepluginprototype.pch
c:\users\chrisrafuse\documents\3db\dev\repos\rhino_plugin\adaptiveskinprototype\adaptiveskinprototype\adaptivepluginprototype\x64\debug\vc141.pdb
c:\users\chrisrafuse\documents\3db\dev\repos\rhino_plugin\adaptiveskinprototype\adaptiveskinprototype\adaptivepluginprototype\x64\debug\stdafx.obj
c:\users\chrisrafuse\documents\3db\dev\repos\rhino_plugin\adaptiveskinprototype\adaptiveskinprototype\adaptivepluginprototype\x64\debug\cmdadaptivepluginprototype.obj
c:\users\chrisrafuse\documents\3db\dev\repos\rhino_plugin\adaptiveskinprototype\adaptiveskinprototype\adaptivepluginprototype\x64\debug\adaptivepluginprototypeplugin.obj
c:\users\chrisrafuse\documents\3db\dev\repos\rhino_plugin\adaptiveskinprototype\adaptiveskinprototype\adaptivepluginprototype\x64\debug\adaptivepluginprototypeapp.obj
c:\users\chrisrafuse\documents\3db\dev\repos\rhino_plugin\adaptiveskinprototype\adaptiveskinprototype\x64\debug\adaptivepluginprototype.rhp
c:\users\chrisrafuse\documents\3db\dev\repos\rhino_plugin\adaptiveskinprototype\adaptiveskinprototype\x64\debug\adaptivepluginprototype.ilk
c:\users\chrisrafuse\documents\3db\dev\repos\rhino_plugin\adaptiveskinprototype\adaptiveskinprototype\x64\debug\adaptivepluginprototype.pdb
c:\users\chrisrafuse\documents\3db\dev\repos\rhino_plugin\adaptiveskinprototype\adaptiveskinprototype\adaptivepluginprototype\x64\debug\adaptivepluginprototype.res
c:\users\chrisrafuse\documents\3db\dev\repos\rhino_plugin\adaptiveskinprototype\adaptiveskinprototype\adaptivepluginprototype\x64\debug\adaptive.ba8c6a70.tlog\adaptivepluginprototype.write.1u.tlog
c:\users\chrisrafuse\documents\3db\dev\repos\rhino_plugin\adaptiveskinprototype\adaptiveskinprototype\adaptivepluginprototype\x64\debug\adaptive.ba8c6a70.tlog\cl.command.1.tlog
c:\users\chrisrafuse\documents\3db\dev\repos\rhino_plugin\adaptiveskinprototype\adaptiveskinprototype\adaptivepluginprototype\x64\debug\adaptive.ba8c6a70.tlog\cl.read.1.tlog
c:\users\chrisrafuse\documents\3db\dev\repos\rhino_plugin\adaptiveskinprototype\adaptiveskinprototype\adaptivepluginprototype\x64\debug\adaptive.ba8c6a70.tlog\cl.write.1.tlog
c:\users\chrisrafuse\documents\3db\dev\repos\rhino_plugin\adaptiveskinprototype\adaptiveskinprototype\adaptivepluginprototype\x64\debug\adaptive.ba8c6a70.tlog\link.command.1.tlog
c:\users\chrisrafuse\documents\3db\dev\repos\rhino_plugin\adaptiveskinprototype\adaptiveskinprototype\adaptivepluginprototype\x64\debug\adaptive.ba8c6a70.tlog\link.read.1.tlog
c:\users\chrisrafuse\documents\3db\dev\repos\rhino_plugin\adaptiveskinprototype\adaptiveskinprototype\adaptivepluginprototype\x64\debug\adaptive.ba8c6a70.tlog\link.write.1.tlog
c:\users\chrisrafuse\documents\3db\dev\repos\rhino_plugin\adaptiveskinprototype\adaptiveskinprototype\adaptivepluginprototype\x64\debug\adaptive.ba8c6a70.tlog\rc.command.1.tlog
c:\users\chrisrafuse\documents\3db\dev\repos\rhino_plugin\adaptiveskinprototype\adaptiveskinprototype\adaptivepluginprototype\x64\debug\adaptive.ba8c6a70.tlog\rc.read.1.tlog
c:\users\chrisrafuse\documents\3db\dev\repos\rhino_plugin\adaptiveskinprototype\adaptiveskinprototype\adaptivepluginprototype\x64\debug\adaptive.ba8c6a70.tlog\rc.write.1.tlog
