c:\users\chrisrafuse\documents\3db\dev\repos\rhino_plugin\adaptiveskinprototype\adaptiveskinprototype\x64\debug\adaptiveskinprototype.lib
c:\users\chrisrafuse\documents\3db\dev\repos\rhino_plugin\adaptiveskinprototype\adaptiveskinprototype\x64\debug\adaptiveskinprototype.exp
c:\users\chrisrafuse\documents\3db\dev\repos\rhino_plugin\adaptiveskinprototype\adaptiveskinprototype\adaptiveskinprototype\x64\debug\adaptiveskinprototype.pch
c:\users\chrisrafuse\documents\3db\dev\repos\rhino_plugin\adaptiveskinprototype\adaptiveskinprototype\adaptiveskinprototype\x64\debug\vc141.pdb
c:\users\chrisrafuse\documents\3db\dev\repos\rhino_plugin\adaptiveskinprototype\adaptiveskinprototype\adaptiveskinprototype\x64\debug\stdafx.obj
c:\users\chrisrafuse\documents\3db\dev\repos\rhino_plugin\adaptiveskinprototype\adaptiveskinprototype\adaptiveskinprototype\x64\debug\adaptiveskinprototypeapp.obj
c:\users\chrisrafuse\documents\3db\dev\repos\rhino_plugin\adaptiveskinprototype\adaptiveskinprototype\x64\debug\adaptiveskinprototype.ilk
c:\users\chrisrafuse\documents\3db\dev\repos\rhino_plugin\adaptiveskinprototype\adaptiveskinprototype\x64\debug\adaptiveskinprototype.dll
c:\users\chrisrafuse\documents\3db\dev\repos\rhino_plugin\adaptiveskinprototype\adaptiveskinprototype\x64\debug\adaptiveskinprototype.pdb
c:\users\chrisrafuse\documents\3db\dev\repos\rhino_plugin\adaptiveskinprototype\adaptiveskinprototype\adaptiveskinprototype\x64\debug\adaptiveskinprototype.res
c:\users\chrisrafuse\documents\3db\dev\repos\rhino_plugin\adaptiveskinprototype\adaptiveskinprototype\adaptiveskinprototype\x64\debug\adaptive.708038e3.tlog\adaptiveskinprototype.write.1u.tlog
c:\users\chrisrafuse\documents\3db\dev\repos\rhino_plugin\adaptiveskinprototype\adaptiveskinprototype\adaptiveskinprototype\x64\debug\adaptive.708038e3.tlog\cl.command.1.tlog
c:\users\chrisrafuse\documents\3db\dev\repos\rhino_plugin\adaptiveskinprototype\adaptiveskinprototype\adaptiveskinprototype\x64\debug\adaptive.708038e3.tlog\cl.read.1.tlog
c:\users\chrisrafuse\documents\3db\dev\repos\rhino_plugin\adaptiveskinprototype\adaptiveskinprototype\adaptiveskinprototype\x64\debug\adaptive.708038e3.tlog\cl.write.1.tlog
c:\users\chrisrafuse\documents\3db\dev\repos\rhino_plugin\adaptiveskinprototype\adaptiveskinprototype\adaptiveskinprototype\x64\debug\adaptive.708038e3.tlog\link.command.1.tlog
c:\users\chrisrafuse\documents\3db\dev\repos\rhino_plugin\adaptiveskinprototype\adaptiveskinprototype\adaptiveskinprototype\x64\debug\adaptive.708038e3.tlog\link.read.1.tlog
c:\users\chrisrafuse\documents\3db\dev\repos\rhino_plugin\adaptiveskinprototype\adaptiveskinprototype\adaptiveskinprototype\x64\debug\adaptive.708038e3.tlog\link.write.1.tlog
c:\users\chrisrafuse\documents\3db\dev\repos\rhino_plugin\adaptiveskinprototype\adaptiveskinprototype\adaptiveskinprototype\x64\debug\adaptive.708038e3.tlog\rc.command.1.tlog
c:\users\chrisrafuse\documents\3db\dev\repos\rhino_plugin\adaptiveskinprototype\adaptiveskinprototype\adaptiveskinprototype\x64\debug\adaptive.708038e3.tlog\rc.read.1.tlog
c:\users\chrisrafuse\documents\3db\dev\repos\rhino_plugin\adaptiveskinprototype\adaptiveskinprototype\adaptiveskinprototype\x64\debug\adaptive.708038e3.tlog\rc.write.1.tlog
