c:\users\chrisrafuse\documents\3db\dev\repos\rhino_plugin\adaptiveskinprototype\adaptiveskinprototype\x64\release\adaptivepluginprototype.lib
c:\users\chrisrafuse\documents\3db\dev\repos\rhino_plugin\adaptiveskinprototype\adaptiveskinprototype\x64\release\adaptivepluginprototype.exp
c:\users\chrisrafuse\documents\3db\dev\repos\rhino_plugin\adaptiveskinprototype\adaptiveskinprototype\adaptivepluginprototype\x64\release\adaptivepluginprototype.pch
c:\users\chrisrafuse\documents\3db\dev\repos\rhino_plugin\adaptiveskinprototype\adaptiveskinprototype\adaptivepluginprototype\x64\release\vc141.pdb
c:\users\chrisrafuse\documents\3db\dev\repos\rhino_plugin\adaptiveskinprototype\adaptiveskinprototype\adaptivepluginprototype\x64\release\stdafx.obj
c:\users\chrisrafuse\documents\3db\dev\repos\rhino_plugin\adaptiveskinprototype\adaptiveskinprototype\adaptivepluginprototype\x64\release\cmdadaptivepluginprototype.obj
c:\users\chrisrafuse\documents\3db\dev\repos\rhino_plugin\adaptiveskinprototype\adaptiveskinprototype\adaptivepluginprototype\x64\release\adaptivepluginprototypeplugin.obj
c:\users\chrisrafuse\documents\3db\dev\repos\rhino_plugin\adaptiveskinprototype\adaptiveskinprototype\adaptivepluginprototype\x64\release\adaptivepluginprototypeapp.obj
c:\users\chrisrafuse\documents\3db\dev\repos\rhino_plugin\adaptiveskinprototype\adaptiveskinprototype\x64\release\adaptivepluginprototype.rhp
c:\users\chrisrafuse\documents\3db\dev\repos\rhino_plugin\adaptiveskinprototype\adaptiveskinprototype\x64\release\adaptivepluginprototype.pdb
c:\users\chrisrafuse\documents\3db\dev\repos\rhino_plugin\adaptiveskinprototype\adaptiveskinprototype\adaptivepluginprototype\x64\release\adaptivepluginprototype.res
c:\users\chrisrafuse\documents\3db\dev\repos\rhino_plugin\adaptiveskinprototype\adaptiveskinprototype\adaptivepluginprototype\x64\release\adaptive.ba8c6a70.tlog\adaptivepluginprototype.write.1u.tlog
c:\users\chrisrafuse\documents\3db\dev\repos\rhino_plugin\adaptiveskinprototype\adaptiveskinprototype\adaptivepluginprototype\x64\release\adaptive.ba8c6a70.tlog\cl.command.1.tlog
c:\users\chrisrafuse\documents\3db\dev\repos\rhino_plugin\adaptiveskinprototype\adaptiveskinprototype\adaptivepluginprototype\x64\release\adaptive.ba8c6a70.tlog\cl.read.1.tlog
c:\users\chrisrafuse\documents\3db\dev\repos\rhino_plugin\adaptiveskinprototype\adaptiveskinprototype\adaptivepluginprototype\x64\release\adaptive.ba8c6a70.tlog\cl.write.1.tlog
c:\users\chrisrafuse\documents\3db\dev\repos\rhino_plugin\adaptiveskinprototype\adaptiveskinprototype\adaptivepluginprototype\x64\release\adaptive.ba8c6a70.tlog\link.command.1.tlog
c:\users\chrisrafuse\documents\3db\dev\repos\rhino_plugin\adaptiveskinprototype\adaptiveskinprototype\adaptivepluginprototype\x64\release\adaptive.ba8c6a70.tlog\link.read.1.tlog
c:\users\chrisrafuse\documents\3db\dev\repos\rhino_plugin\adaptiveskinprototype\adaptiveskinprototype\adaptivepluginprototype\x64\release\adaptive.ba8c6a70.tlog\link.write.1.tlog
c:\users\chrisrafuse\documents\3db\dev\repos\rhino_plugin\adaptiveskinprototype\adaptiveskinprototype\adaptivepluginprototype\x64\release\adaptive.ba8c6a70.tlog\rc.command.1.tlog
c:\users\chrisrafuse\documents\3db\dev\repos\rhino_plugin\adaptiveskinprototype\adaptiveskinprototype\adaptivepluginprototype\x64\release\adaptive.ba8c6a70.tlog\rc.read.1.tlog
c:\users\chrisrafuse\documents\3db\dev\repos\rhino_plugin\adaptiveskinprototype\adaptiveskinprototype\adaptivepluginprototype\x64\release\adaptive.ba8c6a70.tlog\rc.write.1.tlog
